<?xml version="1.0" encoding="UTF-8"?>
<testng-results ignored="6" total="11" passed="4" failed="1" skipped="0">
  <reporter-output>
  </reporter-output>
  <suite started-at="2023-04-24T10:21:45 IST" name="Default suite" finished-at="2023-04-24T10:21:59 IST" duration-ms="13660">
    <groups>
    </groups>
    <test started-at="2023-04-24T10:21:45 IST" name="Default test" finished-at="2023-04-24T10:21:59 IST" duration-ms="13660">
      <class name="PayPal.OrderAPI">
        <test-method is-config="true" signature="setUp()[pri:0, instance:PayPal.OrderAPI@18d87d80]" started-at="2023-04-24T10:21:43 IST" name="setUp" finished-at="2023-04-24T10:21:45 IST" duration-ms="1873" status="PASS">
          <reporter-output>
          </reporter-output>
        </test-method> <!-- setUp -->
        <test-method is-config="true" signature="tearDown()[pri:0, instance:PayPal.OrderAPI@18d87d80]" started-at="2023-04-24T10:21:59 IST" name="tearDown" finished-at="2023-04-24T10:21:59 IST" duration-ms="1" status="PASS">
          <reporter-output>
          </reporter-output>
        </test-method> <!-- tearDown -->
      </class> <!-- PayPal.OrderAPI -->
      <class name="pom.PayPal.API.com.TestPayPal">
        <test-method signature="getAuthKey()[pri:1, instance:pom.PayPal.API.com.TestPayPal@1b2abca6]" started-at="2023-04-24T10:21:45 IST" name="getAuthKey" finished-at="2023-04-24T10:21:52 IST" duration-ms="6539" status="PASS">
          <reporter-output>
          </reporter-output>
        </test-method> <!-- getAuthKey -->
        <test-method signature="CreateOrder()[pri:2, instance:pom.PayPal.API.com.TestPayPal@1b2abca6]" started-at="2023-04-24T10:21:52 IST" name="CreateOrder" finished-at="2023-04-24T10:21:55 IST" depends-on-methods="pom.PayPal.API.com.TestPayPal.getAuthKey" duration-ms="2503" status="PASS">
          <reporter-output>
          </reporter-output>
        </test-method> <!-- CreateOrder -->
        <test-method signature="getOrder()[pri:3, instance:pom.PayPal.API.com.TestPayPal@1b2abca6]" started-at="2023-04-24T10:21:55 IST" name="getOrder" finished-at="2023-04-24T10:21:55 IST" depends-on-methods="pom.PayPal.API.com.TestPayPal.getAuthKey, pom.PayPal.API.com.TestPayPal.CreateOrder" duration-ms="734" status="PASS">
          <reporter-output>
          </reporter-output>
        </test-method> <!-- getOrder -->
      </class> <!-- pom.PayPal.API.com.TestPayPal -->
      <class name="pom.PayPal.API.com.getOrderTest">
        <test-method signature="getOrder()[pri:0, instance:pom.PayPal.API.com.getOrderTest@2ed2d9cb]" started-at="2023-04-24T10:21:55 IST" name="getOrder" finished-at="2023-04-24T10:21:57 IST" duration-ms="1874" status="FAIL">
          <exception class="java.lang.AssertionError">
            <message>
              <![CDATA[expected [200] but found [404]]]>
            </message>
            <full-stacktrace>
              <![CDATA[java.lang.AssertionError: expected [200] but found [404]
at org.testng.Assert.fail(Assert.java:99)
at org.testng.Assert.failNotEquals(Assert.java:1037)
at org.testng.Assert.assertEqualsImpl(Assert.java:140)
at org.testng.Assert.assertEquals(Assert.java:122)
at org.testng.Assert.assertEquals(Assert.java:907)
at org.testng.Assert.assertEquals(Assert.java:917)
at pom.PayPal.API.com.getOrderTest.getOrder(getOrderTest.java:27)
at java.base/jdk.internal.reflect.NativeMethodAccessorImpl.invoke0(Native Method)
at java.base/jdk.internal.reflect.NativeMethodAccessorImpl.invoke(NativeMethodAccessorImpl.java:77)
at java.base/jdk.internal.reflect.DelegatingMethodAccessorImpl.invoke(DelegatingMethodAccessorImpl.java:43)
at java.base/java.lang.reflect.Method.invoke(Method.java:568)
at org.testng.internal.MethodInvocationHelper.invokeMethod(MethodInvocationHelper.java:133)
at org.testng.internal.TestInvoker.invokeMethod(TestInvoker.java:598)
at org.testng.internal.TestInvoker.invokeTestMethod(TestInvoker.java:173)
at org.testng.internal.MethodRunner.runInSequence(MethodRunner.java:46)
at org.testng.internal.TestInvoker$MethodInvocationAgent.invoke(TestInvoker.java:824)
at org.testng.internal.TestInvoker.invokeTestMethods(TestInvoker.java:146)
at org.testng.internal.TestMethodWorker.invokeTestMethods(TestMethodWorker.java:146)
at org.testng.internal.TestMethodWorker.run(TestMethodWorker.java:128)
at java.base/java.util.ArrayList.forEach(ArrayList.java:1511)
at org.testng.TestRunner.privateRun(TestRunner.java:794)
at org.testng.TestRunner.run(TestRunner.java:596)
at org.testng.SuiteRunner.runTest(SuiteRunner.java:377)
at org.testng.SuiteRunner.runSequentially(SuiteRunner.java:371)
at org.testng.SuiteRunner.privateRun(SuiteRunner.java:332)
at org.testng.SuiteRunner.run(SuiteRunner.java:276)
at org.testng.SuiteRunnerWorker.runSuite(SuiteRunnerWorker.java:53)
at org.testng.SuiteRunnerWorker.run(SuiteRunnerWorker.java:96)
at org.testng.TestNG.runSuitesSequentially(TestNG.java:1212)
at org.testng.TestNG.runSuitesLocally(TestNG.java:1134)
at org.testng.TestNG.runSuites(TestNG.java:1063)
at org.testng.TestNG.run(TestNG.java:1031)
at org.testng.remote.AbstractRemoteTestNG.run(AbstractRemoteTestNG.java:115)
at org.testng.remote.RemoteTestNG.initAndRun(RemoteTestNG.java:251)
at org.testng.remote.RemoteTestNG.main(RemoteTestNG.java:77)
]]>
            </full-stacktrace>
          </exception> <!-- java.lang.AssertionError -->
          <reporter-output>
          </reporter-output>
        </test-method> <!-- getOrder -->
      </class> <!-- pom.PayPal.API.com.getOrderTest -->
      <class name="pom.PayPal.API.com.CreateOrderTest">
        <test-method signature="createOrder()[pri:0, instance:pom.PayPal.API.com.CreateOrderTest@d5b810e]" started-at="2023-04-24T10:21:57 IST" name="createOrder" finished-at="2023-04-24T10:21:59 IST" duration-ms="1816" status="PASS">
          <reporter-output>
          </reporter-output>
        </test-method> <!-- createOrder -->
      </class> <!-- pom.PayPal.API.com.CreateOrderTest -->
    </test> <!-- Default test -->
  </suite> <!-- Default suite -->
</testng-results>
